# JRE version: Java(TM) SE Runtime Environment 18.9 (11.0.19+9) (build 11.0.19+9-LTS-224)
# Java VM: Java HotSpot(TM) 64-Bit Server VM 18.9 (11.0.19+9-LTS-224, mixed mode, tiered, compressed oops, g1 gc, windows-amd64)
Heap:
 garbage-first heap   total 260096K, used 27517K [0x0000000703400000, 0x0000000800000000)
  region size 1024K, 18 young (18432K), 6 survivors (6144K)
 Metaspace       used 30745K, capacity 31719K, committed 31920K, reserved 1077248K
  class space    used 3593K, capacity 4028K, committed 4096K, reserved 1048576K
GC Heap History (6 events):
Event: 0.750 GC heap before
{Heap before GC invocations=0 (full 0):
 garbage-first heap   total 260096K, used 23552K [0x0000000703400000, 0x0000000800000000)
  region size 1024K, 24 young (24576K), 0 survivors (0K)
 Metaspace       used 14165K, capacity 14551K, committed 14720K, reserved 1062912K
  class space    used 1459K, capacity 1609K, committed 1664K, reserved 1048576K
}
Event: 0.754 GC heap after
{Heap after GC invocations=1 (full 0):
 garbage-first heap   total 260096K, used 5546K [0x0000000703400000, 0x0000000800000000)
  region size 1024K, 3 young (3072K), 3 survivors (3072K)
 Metaspace       used 14165K, capacity 14551K, committed 14720K, reserved 1062912K
  class space    used 1459K, capacity 1609K, committed 1664K, reserved 1048576K
}
Event: 5.797 GC heap before
{Heap before GC invocations=1 (full 0):
 garbage-first heap   total 260096K, used 38314K [0x0000000703400000, 0x0000000800000000)
  region size 1024K, 36 young (36864K), 3 survivors (3072K)
 Metaspace       used 20439K, capacity 21121K, committed 21296K, reserved 1069056K
  class space    used 2277K, capacity 2594K, committed 2688K, reserved 1048576K
}
Event: 5.803 GC heap after
{Heap after GC invocations=2 (full 0):
 garbage-first heap   total 260096K, used 7881K [0x0000000703400000, 0x0000000800000000)
  region size 1024K, 6 young (6144K), 6 survivors (6144K)
 Metaspace       used 20439K, capacity 21121K, committed 21296K, reserved 1069056K
  class space    used 2277K, capacity 2594K, committed 2688K, reserved 1048576K
}
Event: 7.066 GC heap before
{Heap before GC invocations=3 (full 0):
 garbage-first heap   total 260096K, used 49865K [0x0000000703400000, 0x0000000800000000)
  region size 1024K, 47 young (48128K), 6 survivors (6144K)
 Metaspace       used 29194K, capacity 30116K, committed 30384K, reserved 1075200K
  class space    used 3373K, capacity 3791K, committed 3840K, reserved 1048576K
}
Event: 7.077 GC heap after
{Heap after GC invocations=4 (full 0):
 garbage-first heap   total 260096K, used 11133K [0x0000000703400000, 0x0000000800000000)
  region size 1024K, 6 young (6144K), 6 survivors (6144K)
 Metaspace       used 29194K, capacity 30116K, committed 30384K, reserved 1075200K
  class space    used 3373K, capacity 3791K, committed 3840K, reserved 1048576K
}

