# JRE version: Java(TM) SE Runtime Environment 18.9 (11.0.19+9) (build 11.0.19+9-LTS-224)
# Java VM: Java HotSpot(TM) 64-Bit Server VM 18.9 (11.0.19+9-LTS-224, mixed mode, tiered, compressed oops, g1 gc, windows-amd64)
Heap:
 garbage-first heap   total 260096K, used 14221K [0x0000000703400000, 0x0000000800000000)
  region size 1024K, 9 young (9216K), 6 survivors (6144K)
 Metaspace       used 28781K, capacity 29835K, committed 29952K, reserved 1075200K
  class space    used 3295K, capacity 3740K, committed 3840K, reserved 1048576K
GC Heap History (6 events):
Event: 3.794 GC heap before
{Heap before GC invocations=0 (full 0):
 garbage-first heap   total 260096K, used 23552K [0x0000000703400000, 0x0000000800000000)
  region size 1024K, 24 young (24576K), 0 survivors (0K)
 Metaspace       used 13559K, capacity 13882K, committed 14080K, reserved 1062912K
  class space    used 1363K, capacity 1490K, committed 1536K, reserved 1048576K
}
Event: 3.806 GC heap after
{Heap after GC invocations=1 (full 0):
 garbage-first heap   total 260096K, used 6860K [0x0000000703400000, 0x0000000800000000)
  region size 1024K, 3 young (3072K), 3 survivors (3072K)
 Metaspace       used 13559K, capacity 13882K, committed 14080K, reserved 1062912K
  class space    used 1363K, capacity 1490K, committed 1536K, reserved 1048576K
}
Event: 9.600 GC heap before
{Heap before GC invocations=1 (full 0):
 garbage-first heap   total 260096K, used 41676K [0x0000000703400000, 0x0000000800000000)
  region size 1024K, 38 young (38912K), 3 survivors (3072K)
 Metaspace       used 20366K, capacity 21062K, committed 21248K, reserved 1069056K
  class space    used 2247K, capacity 2531K, committed 2560K, reserved 1048576K
}
Event: 9.615 GC heap after
{Heap after GC invocations=2 (full 0):
 garbage-first heap   total 260096K, used 9117K [0x0000000703400000, 0x0000000800000000)
  region size 1024K, 6 young (6144K), 6 survivors (6144K)
 Metaspace       used 20366K, capacity 21062K, committed 21248K, reserved 1069056K
  class space    used 2247K, capacity 2531K, committed 2560K, reserved 1048576K
}
Event: 12.501 GC heap before
{Heap before GC invocations=3 (full 0):
 garbage-first heap   total 260096K, used 48029K [0x0000000703400000, 0x0000000800000000)
  region size 1024K, 44 young (45056K), 6 survivors (6144K)
 Metaspace       used 28565K, capacity 29514K, committed 29568K, reserved 1075200K
  class space    used 3263K, capacity 3676K, committed 3712K, reserved 1048576K
}
Event: 12.518 GC heap after
{Heap after GC invocations=4 (full 0):
 garbage-first heap   total 260096K, used 12173K [0x0000000703400000, 0x0000000800000000)
  region size 1024K, 6 young (6144K), 6 survivors (6144K)
 Metaspace       used 28565K, capacity 29514K, committed 29568K, reserved 1075200K
  class space    used 3263K, capacity 3676K, committed 3712K, reserved 1048576K
}

