<?xml version="1.0" encoding="UTF-8"?>
<!-- Generated by org.testng.reporters.JUnitXMLReporter -->
<testsuite ignored="1" hostname="MUKESHN-WIN10" failures="0" tests="1" name="Test" time="122.124" errors="0" timestamp="2024-12-10T21:23:38 IST">
  <testcase classname="TestCases.MyAddresses_TestCases" name="AddAnewAddressInMyAddressPage" time="75.052"/>
  <testcase classname="TestCases.MyAddresses_TestCases" name="NavigateToMyaddressPageandvalidateButtons" time="0.0">
    <ignored/>
  </testcase> <!-- NavigateToMyaddressPageandvalidateButtons -->
</testsuite> <!-- Test -->
