<?xml version="1.0" encoding="UTF-8"?>
<!-- Generated by org.testng.reporters.JUnitXMLReporter -->
<testsuite ignored="1" hostname="MUKESHN-WIN10" failures="1" tests="1" name="Test" time="82.518" errors="0" timestamp="2024-12-24T17:07:46 IST">
  <testcase classname="TestCases.MyAddresses_TestCases" name="AddAnewAddressInMyAddressPage" time="31.305">
    <failure type="java.lang.IllegalArgumentException" message="Unsupported state: ..">
      <![CDATA[java.lang.IllegalArgumentException: Unsupported state: ..
at com.utills.GenericMethods.getRandomCity(GenericMethods.java:113)
at com.pageObjects.MyAddressesPage.AddedAnewAddressInMyAddress(MyAddressesPage.java:228)
at TestCases.MyAddresses_TestCases.AddAnewAddressInMyAddressPage(MyAddresses_TestCases.java:45)
at java.base/java.util.ArrayList.forEach(ArrayList.java:1511)
... Removed 25 stack frames]]>
    </failure>
  </testcase> <!-- AddAnewAddressInMyAddressPage -->
  <testcase classname="TestCases.MyAddresses_TestCases" name="NavigateToMyaddressPageandvalidateButtons" time="0.0">
    <ignored/>
  </testcase> <!-- NavigateToMyaddressPageandvalidateButtons -->
</testsuite> <!-- Test -->
