<?xml version="1.0" encoding="UTF-8"?>
<!-- Generated by org.testng.reporters.JUnitXMLReporter -->
<testsuite ignored="1" hostname="MUKESHN-WIN10" failures="0" tests="1" name="Test" time="62.065" errors="0" timestamp="2024-12-23T18:35:39 IST">
  <testcase classname="TestCases.MyAddresses_TestCases" name="NavigateToMyaddressPageandvalidateButtons" time="18.606"/>
  <testcase classname="TestCases.MyAddresses_TestCases" name="AddAnewAddressInMyAddressPage" time="0.0">
    <ignored/>
  </testcase> <!-- AddAnewAddressInMyAddressPage -->
</testsuite> <!-- Test -->
