<?xml version="1.0" encoding="UTF-8"?>
<testsuite xmlns:xsi="http://www.w3.org/2001/XMLSchema-instance" xsi:noNamespaceSchemaLocation="https://maven.apache.org/surefire/maven-surefire-plugin/xsd/surefire-test-report.xsd" version="3.0.2" name="TestSuite" time="63.913" tests="1" errors="0" skipped="0" failures="0">
  <properties>
[...]
</properties>
  <testcase name="NavigateToMyaddressPageandvalidateButtons" classname="TestCases.MyAddresses_TestCases" time="19.679">
    <system-out><![CDATA[23 Dec 2024 18:34:37  INFO logger - Automation name got found in properties file!
&amp#27;[35m[Appium]&amp#27;[39m Welcome to Appium v2.0.1
&amp#27;[35m[Appium]&amp#27;[39m Non-default server args:
&amp#27;[35m[Appium]&amp#27;[39m { address: &amp#27;[32m'192.168.29.23'&amp#27;[39m,
&amp#27;[35m[Appium]&amp#27;[39m   localTimezone: &amp#27;[33mtrue&amp#27;[39m,
&amp#27;[35m[Appium]&amp#27;[39m   loglevel: &amp#27;[32m'info'&amp#27;[39m,
&amp#27;[35m[Appium]&amp#27;[39m   sessionOverride: &amp#27;[33mtrue&amp#27;[39m }
&amp#27;[35m[Appium]&amp#27;[39m Attempting to load driver uiautomator2...
&amp#27;[35m[Appium]&amp#27;[39m Appium REST http interface listener started on http://192.168.29.23:4723
&amp#27;[35m[Appium]&amp#27;[39m Available drivers:
&amp#27;[35m[Appium]&amp#27;[39m   - uiautomator2@2.29.10 (automationName 'UiAutomator2')
&amp#27;[35m[Appium]&amp#27;[39m No plugins have been installed. Use the "appium plugin" command to install the one(s) you want to use.
&amp#27;[38;5;0m[HTTP]&amp#27;[0m &amp#27;[37m-->&amp#27;[39m &amp#27;[37mGET&amp#27;[39m &amp#27;[37m/status&amp#27;[39m
&amp#27;[38;5;0m[HTTP]&amp#27;[0m &amp#27;[90m{}&amp#27;[39m
&amp#27;[38;5;0m[HTTP]&amp#27;[0m &amp#27;[37m<-- GET /status &amp#27;[39m&amp#27;[32m200&amp#27;[39m &amp#27;[90m8 ms - 39&amp#27;[39m
&amp#27;[38;5;0m[HTTP]&amp#27;[0m &amp#27;[90m&amp#27;[39m
23 Dec 2024 18:34:51  INFO logger - Appium Server started successfully on Windows.
&amp#27;[38;5;0m[HTTP]&amp#27;[0m &amp#27;[37m-->&amp#27;[39m &amp#27;[37mGET&amp#27;[39m &amp#27;[37m/status&amp#27;[39m
&amp#27;[38;5;0m[HTTP]&amp#27;[0m &amp#27;[90m{}&amp#27;[39m
23 Dec 2024 18:34:51  INFO logger - Appium Server is running.
&amp#27;[38;5;0m[HTTP]&amp#27;[0m &amp#27;[37m<-- GET /status &amp#27;[39m&amp#27;[32m200&amp#27;[39m &amp#27;[90m2 ms - 39&amp#27;[39m
&amp#27;[38;5;0m[HTTP]&amp#27;[0m &amp#27;[90m&amp#27;[39m
&amp#27;[38;5;0m[HTTP]&amp#27;[0m &amp#27;[37m-->&amp#27;[39m &amp#27;[37mPOST&amp#27;[39m &amp#27;[37m/session&amp#27;[39m
&amp#27;[38;5;0m[HTTP]&amp#27;[0m &amp#27;[90m{"capabilities":{"firstMatch":[{}],"alwaysMatch":{"appium:app":"D:\\Eclipse\\ProF\\proFoamMobAutomationFramework\\resources\\App\\ProFoamApp-release.apk","appium:appActivity":"com.profoam.MainActivity","appium:appPackage":"com.profoam","appium:automationName":"UiAutomator2","appium:deviceName":"MFSEmulator","appium:newCommandTimeout":3000,"appium:noReset":false,"platformName":"ANDROID"}}}&amp#27;[39m
&amp#27;[35m[Appium]&amp#27;[39m Attempting to find matching driver for automationName 'UiAutomator2' and platformName 'ANDROID'
&amp#27;[35m[Appium]&amp#27;[39m The 'uiautomator2' driver was installed and matched caps.
&amp#27;[35m[Appium]&amp#27;[39m Will require it at C:\Users\mukeshn\.appium\node_modules\appium-uiautomator2-driver
&amp#27;[38;5;16m[AppiumDriver@119a]&amp#27;[0m Appium v2.0.1 creating new AndroidUiautomator2Driver (v2.29.10) session
&amp#27;[38;5;16m[AppiumDriver@119a]&amp#27;[0m Checking BaseDriver versions for Appium and AndroidUiautomator2Driver
&amp#27;[38;5;16m[AppiumDriver@119a]&amp#27;[0m Appium's BaseDriver version is 9.3.20
&amp#27;[38;5;16m[AppiumDriver@119a]&amp#27;[0m AndroidUiautomator2Driver's BaseDriver version is 9.3.20
&amp#27;[38;5;32m[AndroidUiautomator2Driver@4b20]&amp#27;[0m The following capabilities were provided, but are not recognized by Appium:
&amp#27;[38;5;32m[AndroidUiautomator2Driver@4b20]&amp#27;[0m   deviceName
&amp#27;[38;5;32m[AndroidUiautomator2Driver@4b20 (15bd2677)]&amp#27;[0m Session created with session id: 15bd2677-6e30-4451-aff9-823e62cfece2
&amp#27;[38;5;48m[BaseDriver]&amp#27;[0m Using local app 'D:\Eclipse\ProF\proFoamMobAutomationFramework\resources\App\ProFoamApp-release.apk'
&amp#27;[38;5;64m[ADB]&amp#27;[0m Found 2 'build-tools' folders under 'C:\Users\mukeshn\AppData\Local\Android\Sdk' (newest first):
&amp#27;[38;5;64m[ADB]&amp#27;[0m     C:\Users\mukeshn\AppData\Local\Android\Sdk\build-tools\34.0.0
&amp#27;[38;5;64m[ADB]&amp#27;[0m     C:\Users\mukeshn\AppData\Local\Android\Sdk\build-tools\33.0.1
&amp#27;[38;5;64m[ADB]&amp#27;[0m Using 'adb.exe' from 'C:\Users\mukeshn\AppData\Local\Android\Sdk\platform-tools\adb.exe'
&amp#27;[38;5;80m[AndroidDriver]&amp#27;[0m Retrieving device list
&amp#27;[38;5;80m[AndroidDriver]&amp#27;[0m Using device: emulator-5554
&amp#27;[38;5;64m[ADB]&amp#27;[0m Using 'adb.exe' from 'C:\Users\mukeshn\AppData\Local\Android\Sdk\platform-tools\adb.exe'
&amp#27;[38;5;64m[ADB]&amp#27;[0m Getting device platform version
&amp#27;[38;5;32m[AndroidUiautomator2Driver@4b20 (15bd2677)]&amp#27;[0m Relaxing hidden api policy
&amp#27;[38;5;64m[ADB]&amp#27;[0m Using 'apksigner.jar' from 'C:\Users\mukeshn\AppData\Local\Android\Sdk\build-tools\34.0.0\lib\apksigner.jar'
&amp#27;[38;5;64m[ADB]&amp#27;[0m 'C:\Users\mukeshn\.appium\node_modules\appium-uiautomator2-driver\node_modules\appium-uiautomator2-server\apks\appium-uiautomator2-server-debug-androidTest.apk' is signed with the default certificate
&amp#27;[38;5;64m[ADB]&amp#27;[0m 'C:\Users\mukeshn\.appium\node_modules\appium-uiautomator2-driver\node_modules\appium-uiautomator2-server\apks\appium-uiautomator2-server-v5.12.6.apk' is signed with the default certificate
&amp#27;[38;5;32m[AndroidUiautomator2Driver@4b20 (15bd2677)]&amp#27;[0m Server packages are not going to be (re)installed
&amp#27;[38;5;64m[ADB]&amp#27;[0m Adding packages ["io.appium.settings","io.appium.uiautomator2.server","io.appium.uiautomator2.server.test"] to Doze whitelist
&amp#27;[38;5;64m[ADB]&amp#27;[0m 'D:\Eclipse\ProF\proFoamMobAutomationFramework\resources\App\ProFoamApp-release.apk' is signed with a non-default certificate
&amp#27;[38;5;80m[AndroidDriver]&amp#27;[0m Performing fast reset on 'com.profoam'
&amp#27;[38;5;32m[AndroidUiautomator2Driver@4b20 (15bd2677)]&amp#27;[0m Starting UIAutomator2 server 5.12.6
&amp#27;[38;5;32m[AndroidUiautomator2Driver@4b20 (15bd2677)]&amp#27;[0m Using UIAutomator2 server from 'C:\Users\mukeshn\.appium\node_modules\appium-uiautomator2-driver\node_modules\appium-uiautomator2-server\apks\appium-uiautomator2-server-v5.12.6.apk' and test from 'C:\Users\mukeshn\.appium\node_modules\appium-uiautomator2-driver\node_modules\appium-uiautomator2-server\apks\appium-uiautomator2-server-debug-androidTest.apk'
&amp#27;[38;5;32m[AndroidUiautomator2Driver@4b20 (15bd2677)]&amp#27;[0m Waiting up to 30000ms for UiAutomator2 to be online...
&amp#27;[38;5;32m[AndroidUiautomator2Driver@4b20 (15bd2677)]&amp#27;[0m socket hang up
&amp#27;[38;5;32m[AndroidUiautomator2Driver@4b20 (15bd2677)]&amp#27;[0m socket hang up
&amp#27;[38;5;32m[AndroidUiautomator2Driver@4b20 (15bd2677)]&amp#27;[0m socket hang up
&amp#27;[38;5;32m[AndroidUiautomator2Driver@4b20 (15bd2677)]&amp#27;[0m Determined the downstream protocol as 'W3C'
&amp#27;[38;5;80m[AndroidDriver]&amp#27;[0m Screen already unlocked, doing nothing
&amp#27;[38;5;32m[AndroidUiautomator2Driver@4b20 (15bd2677)]&amp#27;[0m Starting 'com.profoam/com.profoam.MainActivity and waiting for 'com.profoam/com.profoam.MainActivity'
&amp#27;[38;5;16m[AppiumDriver@119a]&amp#27;[0m New AndroidUiautomator2Driver session created successfully, session 15bd2677-6e30-4451-aff9-823e62cfece2 added to master session list
&amp#27;[38;5;0m[HTTP]&amp#27;[0m &amp#27;[37m<-- POST /session &amp#27;[39m&amp#27;[32m200&amp#27;[39m &amp#27;[90m15954 ms - 1162&amp#27;[39m
&amp#27;[38;5;0m[HTTP]&amp#27;[0m &amp#27;[90m&amp#27;[39m
&amp#27;[38;5;0m[HTTP]&amp#27;[0m &amp#27;[37m-->&amp#27;[39m &amp#27;[37mPOST&amp#27;[39m &amp#27;[37m/session/15bd2677-6e30-4451-aff9-823e62cfece2/timeouts&amp#27;[39m
&amp#27;[38;5;0m[HTTP]&amp#27;[0m &amp#27;[90m{"implicit":10000}&amp#27;[39m
&amp#27;[38;5;0m[HTTP]&amp#27;[0m &amp#27;[37m<-- POST /session/15bd2677-6e30-4451-aff9-823e62cfece2/timeouts &amp#27;[39m&amp#27;[32m200&amp#27;[39m &amp#27;[90m9 ms - 14&amp#27;[39m
&amp#27;[38;5;0m[HTTP]&amp#27;[0m &amp#27;[90m&amp#27;[39m
&amp#27;[38;5;0m[HTTP]&amp#27;[0m &amp#27;[37m-->&amp#27;[39m &amp#27;[37mPOST&amp#27;[39m &amp#27;[37m/session/15bd2677-6e30-4451-aff9-823e62cfece2/element&amp#27;[39m
&amp#27;[38;5;0m[HTTP]&amp#27;[0m &amp#27;[90m{"using":"accessibility id","value":"SKIP"}&amp#27;[39m
&amp#27;[38;5;32m[AndroidUiautomator2Driver@4b20 (15bd2677)]&amp#27;[0m Got response with status 404: {"sessionId":"adc907be-4e66-4fc6-9445-e2c8987e88a4","value":{"error":"no such element","message":"An element could not be located on the page using the given search parameters","stacktrace":"io.appium.uiautomator2.common.exceptions.ElementNotFoundException: An element could not be located on the page using the given search parameters\n\tat io.appium.uiautomator2.handler.FindElement.safeHandle(FindElement.java:63)\n\tat io.appium.uiautomator2.handler.request.SafeRequestHandler.handle(SafeRequestHandler.java:59)\n\tat io.appium.uiautomator2.server.AppiumServlet.handleRequest(AppiumServlet.java:277)\n\tat io.appium.uiautomator2.server.AppiumServlet.handleHttpRequest(AppiumServlet.java:271)\n\tat io.appium.uiautomator2.http.ServerHandler.channelRead(ServerHandler.java:77)\n\tat io.netty.channel.AbstractChannelHandlerContext.invokeChannelRead(AbstractChannelHandlerContext.java:366)\n\tat io.netty.channel.AbstractChannelHandlerContext.invokeChannelRead(AbstractChannelHandlerContext.java:352)\n\tat io.netty.chann...
&amp#27;[38;5;32m[AndroidUiautomator2Driver@4b20 (15bd2677)]&amp#27;[0m Got response with status 404: {"sessionId":"adc907be-4e66-4fc6-9445-e2c8987e88a4","value":{"error":"no such element","message":"An element could not be located on the page using the given search parameters","stacktrace":"io.appium.uiautomator2.common.exceptions.ElementNotFoundException: An element could not be located on the page using the given search parameters\n\tat io.appium.uiautomator2.handler.FindElement.safeHandle(FindElement.java:63)\n\tat io.appium.uiautomator2.handler.request.SafeRequestHandler.handle(SafeRequestHandler.java:59)\n\tat io.appium.uiautomator2.server.AppiumServlet.handleRequest(AppiumServlet.java:277)\n\tat io.appium.uiautomator2.server.AppiumServlet.handleHttpRequest(AppiumServlet.java:271)\n\tat io.appium.uiautomator2.http.ServerHandler.channelRead(ServerHandler.java:77)\n\tat io.netty.channel.AbstractChannelHandlerContext.invokeChannelRead(AbstractChannelHandlerContext.java:366)\n\tat io.netty.channel.AbstractChannelHandlerContext.invokeChannelRead(AbstractChannelHandlerContext.java:352)\n\tat io.netty.chann...
&amp#27;[38;5;32m[AndroidUiautomator2Driver@4b20 (15bd2677)]&amp#27;[0m Got response with status 404: {"sessionId":"adc907be-4e66-4fc6-9445-e2c8987e88a4","value":{"error":"no such element","message":"An element could not be located on the page using the given search parameters","stacktrace":"io.appium.uiautomator2.common.exceptions.ElementNotFoundException: An element could not be located on the page using the given search parameters\n\tat io.appium.uiautomator2.handler.FindElement.safeHandle(FindElement.java:63)\n\tat io.appium.uiautomator2.handler.request.SafeRequestHandler.handle(SafeRequestHandler.java:59)\n\tat io.appium.uiautomator2.server.AppiumServlet.handleRequest(AppiumServlet.java:277)\n\tat io.appium.uiautomator2.server.AppiumServlet.handleHttpRequest(AppiumServlet.java:271)\n\tat io.appium.uiautomator2.http.ServerHandler.channelRead(ServerHandler.java:77)\n\tat io.netty.channel.AbstractChannelHandlerContext.invokeChannelRead(AbstractChannelHandlerContext.java:366)\n\tat io.netty.channel.AbstractChannelHandlerContext.invokeChannelRead(AbstractChannelHandlerContext.java:352)\n\tat io.netty.chann...
&amp#27;[38;5;0m[HTTP]&amp#27;[0m &amp#27;[37m<-- POST /session/15bd2677-6e30-4451-aff9-823e62cfece2/element &amp#27;[39m&amp#27;[32m200&amp#27;[39m &amp#27;[90m2764 ms - 137&amp#27;[39m
&amp#27;[38;5;0m[HTTP]&amp#27;[0m &amp#27;[90m&amp#27;[39m
&amp#27;[38;5;0m[HTTP]&amp#27;[0m &amp#27;[37m-->&amp#27;[39m &amp#27;[37mPOST&amp#27;[39m &amp#27;[37m/session/15bd2677-6e30-4451-aff9-823e62cfece2/element/00000000-0000-00e0-ffff-ffff0000001c/click&amp#27;[39m
&amp#27;[38;5;0m[HTTP]&amp#27;[0m &amp#27;[90m{"id":"00000000-0000-00e0-ffff-ffff0000001c"}&amp#27;[39m
&amp#27;[38;5;0m[HTTP]&amp#27;[0m &amp#27;[37m<-- POST /session/15bd2677-6e30-4451-aff9-823e62cfece2/element/00000000-0000-00e0-ffff-ffff0000001c/click &amp#27;[39m&amp#27;[32m200&amp#27;[39m &amp#27;[90m134 ms - 14&amp#27;[39m
&amp#27;[38;5;0m[HTTP]&amp#27;[0m &amp#27;[90m&amp#27;[39m
&amp#27;[38;5;0m[HTTP]&amp#27;[0m &amp#27;[37m-->&amp#27;[39m &amp#27;[37mPOST&amp#27;[39m &amp#27;[37m/session/15bd2677-6e30-4451-aff9-823e62cfece2/element&amp#27;[39m
&amp#27;[38;5;0m[HTTP]&amp#27;[0m &amp#27;[90m{"using":"accessibility id","value":"Login"}&amp#27;[39m
&amp#27;[38;5;0m[HTTP]&amp#27;[0m &amp#27;[37m<-- POST /session/15bd2677-6e30-4451-aff9-823e62cfece2/element &amp#27;[39m&amp#27;[32m200&amp#27;[39m &amp#27;[90m31 ms - 137&amp#27;[39m
&amp#27;[38;5;0m[HTTP]&amp#27;[0m &amp#27;[90m&amp#27;[39m
&amp#27;[38;5;0m[HTTP]&amp#27;[0m &amp#27;[37m-->&amp#27;[39m &amp#27;[37mPOST&amp#27;[39m &amp#27;[37m/session/15bd2677-6e30-4451-aff9-823e62cfece2/element/00000000-0000-00e0-ffff-ffff0000003b/click&amp#27;[39m
&amp#27;[38;5;0m[HTTP]&amp#27;[0m &amp#27;[90m{"id":"00000000-0000-00e0-ffff-ffff0000003b"}&amp#27;[39m
&amp#27;[38;5;0m[HTTP]&amp#27;[0m &amp#27;[37m<-- POST /session/15bd2677-6e30-4451-aff9-823e62cfece2/element/00000000-0000-00e0-ffff-ffff0000003b/click &amp#27;[39m&amp#27;[32m200&amp#27;[39m &amp#27;[90m84 ms - 14&amp#27;[39m
&amp#27;[38;5;0m[HTTP]&amp#27;[0m &amp#27;[90m&amp#27;[39m
&amp#27;[38;5;0m[HTTP]&amp#27;[0m &amp#27;[37m-->&amp#27;[39m &amp#27;[37mPOST&amp#27;[39m &amp#27;[37m/session/15bd2677-6e30-4451-aff9-823e62cfece2/element&amp#27;[39m
&amp#27;[38;5;0m[HTTP]&amp#27;[0m &amp#27;[90m{"using":"xpath","value":"(//android.widget.EditText)[1]"}&amp#27;[39m
&amp#27;[38;5;0m[HTTP]&amp#27;[0m &amp#27;[37m<-- POST /session/15bd2677-6e30-4451-aff9-823e62cfece2/element &amp#27;[39m&amp#27;[32m200&amp#27;[39m &amp#27;[90m1438 ms - 137&amp#27;[39m
&amp#27;[38;5;0m[HTTP]&amp#27;[0m &amp#27;[90m&amp#27;[39m
&amp#27;[38;5;0m[HTTP]&amp#27;[0m &amp#27;[37m-->&amp#27;[39m &amp#27;[37mPOST&amp#27;[39m &amp#27;[37m/session/15bd2677-6e30-4451-aff9-823e62cfece2/element/00000000-0000-00e0-ffff-ffff00000057/value&amp#27;[39m
&amp#27;[38;5;0m[HTTP]&amp#27;[0m &amp#27;[90m{"id":"00000000-0000-00e0-ffff-ffff00000057","text":"mukesh@yopmail.com","value":["m","u","k","e","s","h","@","y","o","p","m","a","i","l",".","c","o","m"]}&amp#27;[39m
&amp#27;[38;5;0m[HTTP]&amp#27;[0m &amp#27;[37m<-- POST /session/15bd2677-6e30-4451-aff9-823e62cfece2/element/00000000-0000-00e0-ffff-ffff00000057/value &amp#27;[39m&amp#27;[32m200&amp#27;[39m &amp#27;[90m87 ms - 14&amp#27;[39m
&amp#27;[38;5;0m[HTTP]&amp#27;[0m &amp#27;[90m&amp#27;[39m
&amp#27;[38;5;0m[HTTP]&amp#27;[0m &amp#27;[37m-->&amp#27;[39m &amp#27;[37mPOST&amp#27;[39m &amp#27;[37m/session/15bd2677-6e30-4451-aff9-823e62cfece2/element&amp#27;[39m
&amp#27;[38;5;0m[HTTP]&amp#27;[0m &amp#27;[90m{"using":"xpath","value":"(//android.widget.EditText)[2]"}&amp#27;[39m
&amp#27;[38;5;0m[HTTP]&amp#27;[0m &amp#27;[37m<-- POST /session/15bd2677-6e30-4451-aff9-823e62cfece2/element &amp#27;[39m&amp#27;[32m200&amp#27;[39m &amp#27;[90m664 ms - 137&amp#27;[39m
&amp#27;[38;5;0m[HTTP]&amp#27;[0m &amp#27;[90m&amp#27;[39m
&amp#27;[38;5;0m[HTTP]&amp#27;[0m &amp#27;[37m-->&amp#27;[39m &amp#27;[37mPOST&amp#27;[39m &amp#27;[37m/session/15bd2677-6e30-4451-aff9-823e62cfece2/element/00000000-0000-00e0-ffff-ffff0000005d/value&amp#27;[39m
&amp#27;[38;5;0m[HTTP]&amp#27;[0m &amp#27;[90m{"id":"00000000-0000-00e0-ffff-ffff0000005d","text":"Mindfire@123","value":["M","i","n","d","f","i","r","e","@","1","2","3"]}&amp#27;[39m
&amp#27;[38;5;0m[HTTP]&amp#27;[0m &amp#27;[37m<-- POST /session/15bd2677-6e30-4451-aff9-823e62cfece2/element/00000000-0000-00e0-ffff-ffff0000005d/value &amp#27;[39m&amp#27;[32m200&amp#27;[39m &amp#27;[90m86 ms - 14&amp#27;[39m
&amp#27;[38;5;0m[HTTP]&amp#27;[0m &amp#27;[90m&amp#27;[39m
&amp#27;[38;5;0m[HTTP]&amp#27;[0m &amp#27;[37m-->&amp#27;[39m &amp#27;[37mPOST&amp#27;[39m &amp#27;[37m/session/15bd2677-6e30-4451-aff9-823e62cfece2/element&amp#27;[39m
&amp#27;[38;5;0m[HTTP]&amp#27;[0m &amp#27;[90m{"using":"accessibility id","value":"Login"}&amp#27;[39m
&amp#27;[38;5;0m[HTTP]&amp#27;[0m &amp#27;[37m<-- POST /session/15bd2677-6e30-4451-aff9-823e62cfece2/element &amp#27;[39m&amp#27;[32m200&amp#27;[39m &amp#27;[90m516 ms - 137&amp#27;[39m
&amp#27;[38;5;0m[HTTP]&amp#27;[0m &amp#27;[90m&amp#27;[39m
&amp#27;[38;5;0m[HTTP]&amp#27;[0m &amp#27;[37m-->&amp#27;[39m &amp#27;[37mPOST&amp#27;[39m &amp#27;[37m/session/15bd2677-6e30-4451-aff9-823e62cfece2/element/00000000-0000-00e0-ffff-ffff0000006a/click&amp#27;[39m
&amp#27;[38;5;0m[HTTP]&amp#27;[0m &amp#27;[90m{"id":"00000000-0000-00e0-ffff-ffff0000006a"}&amp#27;[39m
&amp#27;[38;5;0m[HTTP]&amp#27;[0m &amp#27;[37m<-- POST /session/15bd2677-6e30-4451-aff9-823e62cfece2/element/00000000-0000-00e0-ffff-ffff0000006a/click &amp#27;[39m&amp#27;[32m200&amp#27;[39m &amp#27;[90m75 ms - 14&amp#27;[39m
&amp#27;[38;5;0m[HTTP]&amp#27;[0m &amp#27;[90m&amp#27;[39m
&amp#27;[38;5;0m[HTTP]&amp#27;[0m &amp#27;[37m-->&amp#27;[39m &amp#27;[37mPOST&amp#27;[39m &amp#27;[37m/session/15bd2677-6e30-4451-aff9-823e62cfece2/appium/start_recording_screen&amp#27;[39m
&amp#27;[38;5;0m[HTTP]&amp#27;[0m &amp#27;[90m{}&amp#27;[39m
&amp#27;[38;5;32m[AndroidUiautomator2Driver@4b20 (15bd2677)]&amp#27;[0m Screen recording has not been previously started by Appium. There is nothing to stop
&amp#27;[38;5;0m[HTTP]&amp#27;[0m &amp#27;[37m<-- POST /session/15bd2677-6e30-4451-aff9-823e62cfece2/appium/start_recording_screen &amp#27;[39m&amp#27;[32m200&amp#27;[39m &amp#27;[90m723 ms - 12&amp#27;[39m
&amp#27;[38;5;0m[HTTP]&amp#27;[0m &amp#27;[90m&amp#27;[39m
Application is launching
&amp#27;[38;5;0m[HTTP]&amp#27;[0m &amp#27;[37m-->&amp#27;[39m &amp#27;[37mPOST&amp#27;[39m &amp#27;[37m/session/15bd2677-6e30-4451-aff9-823e62cfece2/element&amp#27;[39m
&amp#27;[38;5;0m[HTTP]&amp#27;[0m &amp#27;[90m{"using":"xpath","value":"(//android.view.ViewGroup[@content-desc='Search for Products | Events']/preceding-sibling::android.view.ViewGroup)[1]"}&amp#27;[39m
&amp#27;[38;5;0m[HTTP]&amp#27;[0m &amp#27;[37m<-- POST /session/15bd2677-6e30-4451-aff9-823e62cfece2/element &amp#27;[39m&amp#27;[32m200&amp#27;[39m &amp#27;[90m386 ms - 137&amp#27;[39m
&amp#27;[38;5;0m[HTTP]&amp#27;[0m &amp#27;[90m&amp#27;[39m
&amp#27;[38;5;0m[HTTP]&amp#27;[0m &amp#27;[37m-->&amp#27;[39m &amp#27;[37mGET&amp#27;[39m &amp#27;[37m/session/15bd2677-6e30-4451-aff9-823e62cfece2/element/00000000-0000-00e0-ffff-ffff0000009f/displayed&amp#27;[39m
&amp#27;[38;5;0m[HTTP]&amp#27;[0m &amp#27;[90m{}&amp#27;[39m
&amp#27;[38;5;0m[HTTP]&amp#27;[0m &amp#27;[37m<-- GET /session/15bd2677-6e30-4451-aff9-823e62cfece2/element/00000000-0000-00e0-ffff-ffff0000009f/displayed &amp#27;[39m&amp#27;[32m200&amp#27;[39m &amp#27;[90m27 ms - 14&amp#27;[39m
&amp#27;[38;5;0m[HTTP]&amp#27;[0m &amp#27;[90m&amp#27;[39m
23 Dec 2024 18:35:25  INFO logger - SideMenu is Displayed with element :By.xpath: (//android.view.ViewGroup[@content-desc='Search for Products | Events']/preceding-sibling::android.view.ViewGroup)[1]
&amp#27;[38;5;0m[HTTP]&amp#27;[0m &amp#27;[37m-->&amp#27;[39m &amp#27;[37mPOST&amp#27;[39m &amp#27;[37m/session/15bd2677-6e30-4451-aff9-823e62cfece2/element&amp#27;[39m
&amp#27;[38;5;0m[HTTP]&amp#27;[0m &amp#27;[90m{"using":"xpath","value":"(//android.view.ViewGroup[@content-desc='Search for Products | Events']/preceding-sibling::android.view.ViewGroup)[1]"}&amp#27;[39m
&amp#27;[38;5;0m[HTTP]&amp#27;[0m &amp#27;[37m<-- POST /session/15bd2677-6e30-4451-aff9-823e62cfece2/element &amp#27;[39m&amp#27;[32m200&amp#27;[39m &amp#27;[90m396 ms - 137&amp#27;[39m
&amp#27;[38;5;0m[HTTP]&amp#27;[0m &amp#27;[90m&amp#27;[39m
&amp#27;[38;5;0m[HTTP]&amp#27;[0m &amp#27;[37m-->&amp#27;[39m &amp#27;[37mGET&amp#27;[39m &amp#27;[37m/session/15bd2677-6e30-4451-aff9-823e62cfece2/element/00000000-0000-00e0-ffff-ffff0000009f/displayed&amp#27;[39m
&amp#27;[38;5;0m[HTTP]&amp#27;[0m &amp#27;[90m{}&amp#27;[39m
&amp#27;[38;5;0m[HTTP]&amp#27;[0m &amp#27;[37m<-- GET /session/15bd2677-6e30-4451-aff9-823e62cfece2/element/00000000-0000-00e0-ffff-ffff0000009f/displayed &amp#27;[39m&amp#27;[32m200&amp#27;[39m &amp#27;[90m26 ms - 14&amp#27;[39m
&amp#27;[38;5;0m[HTTP]&amp#27;[0m &amp#27;[90m&amp#27;[39m
23 Dec 2024 18:35:29  INFO logger - Wait for the Element to be displayed for Webelement : By.xpath: (//android.view.ViewGroup[@content-desc='Search for Products | Events']/preceding-sibling::android.view.ViewGroup)[1]
&amp#27;[38;5;0m[HTTP]&amp#27;[0m &amp#27;[37m-->&amp#27;[39m &amp#27;[37mPOST&amp#27;[39m &amp#27;[37m/session/15bd2677-6e30-4451-aff9-823e62cfece2/element&amp#27;[39m
&amp#27;[38;5;0m[HTTP]&amp#27;[0m &amp#27;[90m{"using":"xpath","value":"(//android.view.ViewGroup[@content-desc='Search for Products | Events']/preceding-sibling::android.view.ViewGroup)[1]"}&amp#27;[39m
&amp#27;[38;5;0m[HTTP]&amp#27;[0m &amp#27;[37m<-- POST /session/15bd2677-6e30-4451-aff9-823e62cfece2/element &amp#27;[39m&amp#27;[32m200&amp#27;[39m &amp#27;[90m361 ms - 137&amp#27;[39m
&amp#27;[38;5;0m[HTTP]&amp#27;[0m &amp#27;[90m&amp#27;[39m
&amp#27;[38;5;0m[HTTP]&amp#27;[0m &amp#27;[37m-->&amp#27;[39m &amp#27;[37mPOST&amp#27;[39m &amp#27;[37m/session/15bd2677-6e30-4451-aff9-823e62cfece2/element/00000000-0000-00e0-ffff-ffff0000009f/click&amp#27;[39m
&amp#27;[38;5;0m[HTTP]&amp#27;[0m &amp#27;[90m{"id":"00000000-0000-00e0-ffff-ffff0000009f"}&amp#27;[39m
&amp#27;[38;5;0m[HTTP]&amp#27;[0m &amp#27;[37m<-- POST /session/15bd2677-6e30-4451-aff9-823e62cfece2/element/00000000-0000-00e0-ffff-ffff0000009f/click &amp#27;[39m&amp#27;[32m200&amp#27;[39m &amp#27;[90m101 ms - 14&amp#27;[39m
&amp#27;[38;5;0m[HTTP]&amp#27;[0m &amp#27;[90m&amp#27;[39m
23 Dec 2024 18:35:30  INFO logger - SideMenu Button is clicked with element: By.xpath: (//android.view.ViewGroup[@content-desc='Search for Products | Events']/preceding-sibling::android.view.ViewGroup)[1]
&amp#27;[38;5;0m[HTTP]&amp#27;[0m &amp#27;[37m-->&amp#27;[39m &amp#27;[37mPOST&amp#27;[39m &amp#27;[37m/session/15bd2677-6e30-4451-aff9-823e62cfece2/element&amp#27;[39m
&amp#27;[38;5;0m[HTTP]&amp#27;[0m &amp#27;[90m{"using":"accessibility id","value":"My Addresses"}&amp#27;[39m
&amp#27;[38;5;0m[HTTP]&amp#27;[0m &amp#27;[37m<-- POST /session/15bd2677-6e30-4451-aff9-823e62cfece2/element &amp#27;[39m&amp#27;[32m200&amp#27;[39m &amp#27;[90m282 ms - 137&amp#27;[39m
&amp#27;[38;5;0m[HTTP]&amp#27;[0m &amp#27;[90m&amp#27;[39m
&amp#27;[38;5;0m[HTTP]&amp#27;[0m &amp#27;[37m-->&amp#27;[39m &amp#27;[37mGET&amp#27;[39m &amp#27;[37m/session/15bd2677-6e30-4451-aff9-823e62cfece2/element/00000000-0000-00e0-ffff-ffff0000067d/displayed&amp#27;[39m
&amp#27;[38;5;0m[HTTP]&amp#27;[0m &amp#27;[90m{}&amp#27;[39m
&amp#27;[38;5;0m[HTTP]&amp#27;[0m &amp#27;[37m<-- GET /session/15bd2677-6e30-4451-aff9-823e62cfece2/element/00000000-0000-00e0-ffff-ffff0000067d/displayed &amp#27;[39m&amp#27;[32m200&amp#27;[39m &amp#27;[90m25 ms - 14&amp#27;[39m
&amp#27;[38;5;0m[HTTP]&amp#27;[0m &amp#27;[90m&amp#27;[39m
23 Dec 2024 18:35:33  INFO logger - Wait for the Element to be displayed for Webelement : AppiumBy.accessibilityId: My Addresses
&amp#27;[38;5;0m[HTTP]&amp#27;[0m &amp#27;[37m-->&amp#27;[39m &amp#27;[37mPOST&amp#27;[39m &amp#27;[37m/session/15bd2677-6e30-4451-aff9-823e62cfece2/element&amp#27;[39m
&amp#27;[38;5;0m[HTTP]&amp#27;[0m &amp#27;[90m{"using":"accessibility id","value":"My Addresses"}&amp#27;[39m
&amp#27;[38;5;0m[HTTP]&amp#27;[0m &amp#27;[37m<-- POST /session/15bd2677-6e30-4451-aff9-823e62cfece2/element &amp#27;[39m&amp#27;[32m200&amp#27;[39m &amp#27;[90m257 ms - 137&amp#27;[39m
&amp#27;[38;5;0m[HTTP]&amp#27;[0m &amp#27;[90m&amp#27;[39m
&amp#27;[38;5;0m[HTTP]&amp#27;[0m &amp#27;[37m-->&amp#27;[39m &amp#27;[37mPOST&amp#27;[39m &amp#27;[37m/session/15bd2677-6e30-4451-aff9-823e62cfece2/element/00000000-0000-00e0-ffff-ffff0000067d/click&amp#27;[39m
&amp#27;[38;5;0m[HTTP]&amp#27;[0m &amp#27;[90m{"id":"00000000-0000-00e0-ffff-ffff0000067d"}&amp#27;[39m
&amp#27;[38;5;0m[HTTP]&amp#27;[0m &amp#27;[37m<-- POST /session/15bd2677-6e30-4451-aff9-823e62cfece2/element/00000000-0000-00e0-ffff-ffff0000067d/click &amp#27;[39m&amp#27;[32m200&amp#27;[39m &amp#27;[90m124 ms - 14&amp#27;[39m
&amp#27;[38;5;0m[HTTP]&amp#27;[0m &amp#27;[90m&amp#27;[39m
23 Dec 2024 18:35:33  INFO logger - My Addresses Button is clicked with element: AppiumBy.accessibilityId: My Addresses
&amp#27;[38;5;0m[HTTP]&amp#27;[0m &amp#27;[37m-->&amp#27;[39m &amp#27;[37mPOST&amp#27;[39m &amp#27;[37m/session/15bd2677-6e30-4451-aff9-823e62cfece2/element&amp#27;[39m
&amp#27;[38;5;0m[HTTP]&amp#27;[0m &amp#27;[90m{"using":"xpath","value":"(//android.widget.TextView)[1]"}&amp#27;[39m
&amp#27;[38;5;0m[HTTP]&amp#27;[0m &amp#27;[37m<-- POST /session/15bd2677-6e30-4451-aff9-823e62cfece2/element &amp#27;[39m&amp#27;[32m200&amp#27;[39m &amp#27;[90m112 ms - 137&amp#27;[39m
&amp#27;[38;5;0m[HTTP]&amp#27;[0m &amp#27;[90m&amp#27;[39m
&amp#27;[38;5;0m[HTTP]&amp#27;[0m &amp#27;[37m-->&amp#27;[39m &amp#27;[37mGET&amp#27;[39m &amp#27;[37m/session/15bd2677-6e30-4451-aff9-823e62cfece2/element/00000000-0000-00e0-ffff-ffff000007d9/displayed&amp#27;[39m
&amp#27;[38;5;0m[HTTP]&amp#27;[0m &amp#27;[90m{}&amp#27;[39m
&amp#27;[38;5;0m[HTTP]&amp#27;[0m &amp#27;[37m<-- GET /session/15bd2677-6e30-4451-aff9-823e62cfece2/element/00000000-0000-00e0-ffff-ffff000007d9/displayed &amp#27;[39m&amp#27;[32m200&amp#27;[39m &amp#27;[90m15 ms - 14&amp#27;[39m
&amp#27;[38;5;0m[HTTP]&amp#27;[0m &amp#27;[90m&amp#27;[39m
23 Dec 2024 18:35:38  INFO logger - AddNewAddressHeader is Displayed with element :By.xpath: (//android.widget.TextView)[1]
&amp#27;[38;5;0m[HTTP]&amp#27;[0m &amp#27;[37m-->&amp#27;[39m &amp#27;[37mPOST&amp#27;[39m &amp#27;[37m/session/15bd2677-6e30-4451-aff9-823e62cfece2/element&amp#27;[39m
&amp#27;[38;5;0m[HTTP]&amp#27;[0m &amp#27;[90m{"using":"xpath","value":"//android.view.ViewGroup[@content-desc=\"Add new address\"]/android.widget.TextView"}&amp#27;[39m
&amp#27;[38;5;0m[HTTP]&amp#27;[0m &amp#27;[37m<-- POST /session/15bd2677-6e30-4451-aff9-823e62cfece2/element &amp#27;[39m&amp#27;[32m200&amp#27;[39m &amp#27;[90m115 ms - 137&amp#27;[39m
&amp#27;[38;5;0m[HTTP]&amp#27;[0m &amp#27;[90m&amp#27;[39m
&amp#27;[38;5;0m[HTTP]&amp#27;[0m &amp#27;[37m-->&amp#27;[39m &amp#27;[37mGET&amp#27;[39m &amp#27;[37m/session/15bd2677-6e30-4451-aff9-823e62cfece2/element/00000000-0000-00e0-ffff-ffff000007de/displayed&amp#27;[39m
&amp#27;[38;5;0m[HTTP]&amp#27;[0m &amp#27;[90m{}&amp#27;[39m
&amp#27;[38;5;0m[HTTP]&amp#27;[0m &amp#27;[37m<-- GET /session/15bd2677-6e30-4451-aff9-823e62cfece2/element/00000000-0000-00e0-ffff-ffff000007de/displayed &amp#27;[39m&amp#27;[32m200&amp#27;[39m &amp#27;[90m15 ms - 14&amp#27;[39m
&amp#27;[38;5;0m[HTTP]&amp#27;[0m &amp#27;[90m&amp#27;[39m
23 Dec 2024 18:35:38  INFO logger - AddNewAddressBtn is Displayed with element :By.xpath: //android.view.ViewGroup[@content-desc="Add new address"]/android.widget.TextView
&amp#27;[38;5;0m[HTTP]&amp#27;[0m &amp#27;[37m-->&amp#27;[39m &amp#27;[37mPOST&amp#27;[39m &amp#27;[37m/session/15bd2677-6e30-4451-aff9-823e62cfece2/appium/stop_recording_screen&amp#27;[39m
&amp#27;[38;5;0m[HTTP]&amp#27;[0m &amp#27;[90m{}&amp#27;[39m
&amp#27;[38;5;0m[HTTP]&amp#27;[0m &amp#27;[37m<-- POST /session/15bd2677-6e30-4451-aff9-823e62cfece2/appium/stop_recording_screen &amp#27;[39m&amp#27;[32m200&amp#27;[39m &amp#27;[90m949 ms - 2060672&amp#27;[39m
&amp#27;[38;5;0m[HTTP]&amp#27;[0m &amp#27;[90m&amp#27;[39m
23 Dec 2024 18:35:39  INFO logger - Screen recording saved: D:\Eclipse\ProF\proFoamMobAutomationFramework/ScreenRecords/NavigateToMyaddressPageandvalidateButtons.mp4
]]></system-out>
    <system-err><![CDATA[log4j:WARN No appenders could be found for logger (org.testng.TestNG).
log4j:WARN Please initialize the log4j system properly.
log4j:WARN See http://logging.apache.org/log4j/1.2/faq.html#noconfig for more info.
]]></system-err>
  </testcase>
</testsuite>