<?xml version="1.0" encoding="UTF-8"?>
<testng-results ignored="1" total="2" passed="1" failed="0" skipped="0">
  <reporter-output>
  </reporter-output>
  <suite started-at="2024-10-04T15:43:40 IST" name="Suite" finished-at="2024-10-04T15:44:41 IST" duration-ms="60563">
    <groups>
      <group name="ValidateLaunching_App">
        <method signature="LoginPage_TestCase.LoginValidation()[pri:0, instance:TestCases.LoginPage_TestCase@5e3f861]" name="LoginValidation" class="TestCases.LoginPage_TestCase"/>
      </group> <!-- ValidateLaunching_App -->
      <group name="smoke">
        <method signature="LoginPage_TestCase.LoginValidation()[pri:0, instance:TestCases.LoginPage_TestCase@5e3f861]" name="LoginValidation" class="TestCases.LoginPage_TestCase"/>
      </group> <!-- smoke -->
    </groups>
    <test started-at="2024-10-04T15:43:40 IST" name="Test" finished-at="2024-10-04T15:44:41 IST" duration-ms="60563">
      <class name="TestCases.LoginPage_TestCase">
        <test-method is-config="true" signature="initAndroidDriverAndApp()[pri:0, instance:TestCases.LoginPage_TestCase@5e3f861]" started-at="2024-10-04T15:43:40 IST" name="initAndroidDriverAndApp" finished-at="2024-10-04T15:44:15 IST" duration-ms="35203" status="PASS">
          <reporter-output>
          </reporter-output>
        </test-method> <!-- initAndroidDriverAndApp -->
        <test-method signature="LoginValidation()[pri:0, instance:TestCases.LoginPage_TestCase@5e3f861]" started-at="2024-10-04T15:44:15 IST" name="LoginValidation" description="Validating to launch the app and display LoginBtn" finished-at="2024-10-04T15:44:39 IST" duration-ms="23984" status="PASS">
          <reporter-output>
          </reporter-output>
        </test-method> <!-- LoginValidation -->
        <test-method is-config="true" signature="stopAppiumServer()[pri:0, instance:TestCases.LoginPage_TestCase@5e3f861]" started-at="2024-10-04T15:44:39 IST" name="stopAppiumServer" finished-at="2024-10-04T15:44:41 IST" duration-ms="1266" status="PASS">
          <reporter-output>
          </reporter-output>
        </test-method> <!-- stopAppiumServer -->
      </class> <!-- TestCases.LoginPage_TestCase -->
    </test> <!-- Test -->
  </suite> <!-- Suite -->
</testng-results>
