<?xml version="1.0" encoding="UTF-8"?>
<testng-results ignored="1" total="2" passed="1" failed="0" skipped="0">
  <reporter-output>
  </reporter-output>
  <suite started-at="2024-12-17T15:47:24 IST" name="Suite" finished-at="2024-12-17T15:48:34 IST" duration-ms="70147">
    <groups>
      <group name="smoke">
        <method signature="MyAddresses_TestCases.NavigateToMyaddressPageandvalidateButtons()[pri:0, instance:TestCases.MyAddresses_TestCases@389b0789]" name="NavigateToMyaddressPageandvalidateButtons" class="TestCases.MyAddresses_TestCases"/>
      </group> <!-- smoke -->
      <group name="NavigateToMyaddressPageandvalidateButtons">
        <method signature="MyAddresses_TestCases.NavigateToMyaddressPageandvalidateButtons()[pri:0, instance:TestCases.MyAddresses_TestCases@389b0789]" name="NavigateToMyaddressPageandvalidateButtons" class="TestCases.MyAddresses_TestCases"/>
      </group> <!-- NavigateToMyaddressPageandvalidateButtons -->
    </groups>
    <test started-at="2024-12-17T15:47:24 IST" name="Test" finished-at="2024-12-17T15:48:34 IST" duration-ms="70147">
      <class name="TestCases.MyAddresses_TestCases">
        <test-method is-config="true" signature="setup()[pri:0, instance:TestCases.MyAddresses_TestCases@389b0789]" started-at="2024-12-17T15:47:24 IST" name="setup" finished-at="2024-12-17T15:48:13 IST" duration-ms="48562" status="PASS">
          <reporter-output>
          </reporter-output>
        </test-method> <!-- setup -->
        <test-method signature="NavigateToMyaddressPageandvalidateButtons()[pri:0, instance:TestCases.MyAddresses_TestCases@389b0789]" started-at="2024-12-17T15:48:13 IST" name="NavigateToMyaddressPageandvalidateButtons" description="Validating different buttons in MyAddress in sideMenu" finished-at="2024-12-17T15:48:31 IST" duration-ms="18914" status="PASS">
          <reporter-output>
          </reporter-output>
        </test-method> <!-- NavigateToMyaddressPageandvalidateButtons -->
        <test-method is-config="true" signature="stopAppiumServer()[pri:0, instance:TestCases.MyAddresses_TestCases@389b0789]" started-at="2024-12-17T15:48:33 IST" name="stopAppiumServer" finished-at="2024-12-17T15:48:34 IST" duration-ms="1236" status="PASS">
          <reporter-output>
          </reporter-output>
        </test-method> <!-- stopAppiumServer -->
      </class> <!-- TestCases.MyAddresses_TestCases -->
    </test> <!-- Test -->
  </suite> <!-- Suite -->
</testng-results>
