<?xml version="1.0" encoding="UTF-8"?>
<testng-results ignored="1" total="2" passed="1" failed="0" skipped="0">
  <reporter-output>
  </reporter-output>
  <suite started-at="2024-12-10T21:21:35 IST" name="Suite" finished-at="2024-12-10T21:23:37 IST" duration-ms="122124">
    <groups>
      <group name="Regression">
        <method signature="MyAddresses_TestCases.AddAnewAddressInMyAddressPage()[pri:0, instance:TestCases.MyAddresses_TestCases@7905a0b8]" name="AddAnewAddressInMyAddressPage" class="TestCases.MyAddresses_TestCases"/>
      </group> <!-- Regression -->
      <group name="smoke">
        <method signature="MyAddresses_TestCases.AddAnewAddressInMyAddressPage()[pri:0, instance:TestCases.MyAddresses_TestCases@7905a0b8]" name="AddAnewAddressInMyAddressPage" class="TestCases.MyAddresses_TestCases"/>
      </group> <!-- smoke -->
      <group name="AddAnewAddressInMyAddressPage">
        <method signature="MyAddresses_TestCases.AddAnewAddressInMyAddressPage()[pri:0, instance:TestCases.MyAddresses_TestCases@7905a0b8]" name="AddAnewAddressInMyAddressPage" class="TestCases.MyAddresses_TestCases"/>
      </group> <!-- AddAnewAddressInMyAddressPage -->
    </groups>
    <test started-at="2024-12-10T21:21:35 IST" name="Test" finished-at="2024-12-10T21:23:37 IST" duration-ms="122124">
      <class name="TestCases.MyAddresses_TestCases">
        <test-method is-config="true" signature="setup()[pri:0, instance:TestCases.MyAddresses_TestCases@7905a0b8]" started-at="2024-12-10T21:21:35 IST" name="setup" finished-at="2024-12-10T21:22:21 IST" duration-ms="45815" status="PASS">
          <reporter-output>
          </reporter-output>
        </test-method> <!-- setup -->
        <test-method signature="AddAnewAddressInMyAddressPage()[pri:0, instance:TestCases.MyAddresses_TestCases@7905a0b8]" started-at="2024-12-10T21:22:21 IST" name="AddAnewAddressInMyAddressPage" description="Adding a newaddress in MyAddress in sideMenu" finished-at="2024-12-10T21:23:36 IST" duration-ms="75052" status="PASS">
          <reporter-output>
          </reporter-output>
        </test-method> <!-- AddAnewAddressInMyAddressPage -->
        <test-method is-config="true" signature="stopAppiumServer()[pri:0, instance:TestCases.MyAddresses_TestCases@7905a0b8]" started-at="2024-12-10T21:23:36 IST" name="stopAppiumServer" finished-at="2024-12-10T21:23:37 IST" duration-ms="1182" status="PASS">
          <reporter-output>
          </reporter-output>
        </test-method> <!-- stopAppiumServer -->
      </class> <!-- TestCases.MyAddresses_TestCases -->
    </test> <!-- Test -->
  </suite> <!-- Suite -->
</testng-results>
